<?xml version="1.0" encoding="UTF-8"?>
<!-- Generated by org.testng.reporters.JUnitXMLReporter -->
<testsuite hostname="LAPTOP-3UMBTNR8" name="Default test" tests="2" failures="0" timestamp="23 Sep 2021 18:48:22 GMT" time="16.588" errors="0">
  <testcase name="navigateToLandingPage" time="16.431" classname="UdmeyAutomation_Selenium.SeleniumE2Eproj.LandingPage"/>
  <testcase name="varifyBestSellerTab" time="0.143" classname="UdmeyAutomation_Selenium.SeleniumE2Eproj.LandingPage"/>
</testsuite> <!-- Default test -->
