<?xml version="1.0" encoding="UTF-8"?>
<!-- Generated by org.testng.reporters.JUnitXMLReporter -->
<testsuite hostname="LAPTOP-3UMBTNR8" name="Default test" tests="9" failures="0" timestamp="4 Oct 2021 17:35:28 GMT" time="15.503" errors="0">
  <testcase name="navigateToAmazone" time="3.312" classname="UdmeyAutomation_Selenium.SeleniumE2Eproj.LandingTest"/>
  <testcase name="selectBestSeller" time="1.453" classname="UdmeyAutomation_Selenium.SeleniumE2Eproj.LandingTest"/>
  <testcase name="verifyTitle" time="0.12" classname="UdmeyAutomation_Selenium.SeleniumE2Eproj.LandingTest"/>
  <testcase name="NavigateToBestElectronics" time="1.555" classname="UdmeyAutomation_Selenium.SeleniumE2Eproj.LandingTest"/>
  <testcase name="navigateToCompNAcc" time="1.637" classname="UdmeyAutomation_Selenium.SeleniumE2Eproj.LandingTest"/>
  <testcase name="navigateToExternalHardDisc" time="2.231" classname="UdmeyAutomation_Selenium.SeleniumE2Eproj.LandingTest"/>
  <testcase name="navigateToSSD" time="1.942" classname="UdmeyAutomation_Selenium.SeleniumE2Eproj.LandingTest"/>
  <testcase name="selectSSD" time="3.146" classname="UdmeyAutomation_Selenium.SeleniumE2Eproj.LandingTest"/>
  <testcase name="ProductDetails" time="0.078" classname="UdmeyAutomation_Selenium.SeleniumE2Eproj.LandingTest"/>
</testsuite> <!-- Default test -->
