<?xml version="1.0" encoding="UTF-8"?>
<!-- Generated by org.testng.reporters.JUnitXMLReporter -->
<testsuite hostname="LAPTOP-3UMBTNR8" name="Check Amazone Product Price" tests="9" failures="1" timestamp="11 Oct 2021 07:44:05 GMT" time="14.287" errors="0">
  <testcase name="navigateToAmazone" time="3.625" classname="UdmeyAutomation_Selenium.SeleniumE2Eproj.LandingTest"/>
  <testcase name="selectBestSeller" time="1.346" classname="UdmeyAutomation_Selenium.SeleniumE2Eproj.LandingTest"/>
  <testcase name="verifyTitle" time="0.163" classname="UdmeyAutomation_Selenium.SeleniumE2Eproj.LandingTest"/>
  <testcase name="NavigateToBestElectronics" time="1.538" classname="UdmeyAutomation_Selenium.SeleniumE2Eproj.LandingTest"/>
  <testcase name="navigateToCompNAcc" time="1.535" classname="UdmeyAutomation_Selenium.SeleniumE2Eproj.LandingTest"/>
  <testcase name="navigateToExternalHardDisc" time="1.578" classname="UdmeyAutomation_Selenium.SeleniumE2Eproj.LandingTest"/>
  <testcase name="navigateToSSD" time="1.453" classname="UdmeyAutomation_Selenium.SeleniumE2Eproj.LandingTest">
    <failure type="java.lang.AssertionError" message="expected [Amazon.in Bestsellers: The most popular items in External Solid State Drives123] but found [Amazon.in Bestsellers: The most popular items in External Solid State Drives]">
      <![CDATA[java.lang.AssertionError: expected [Amazon.in Bestsellers: The most popular items in External Solid State Drives123] but found [Amazon.in Bestsellers: The most popular items in External Solid State Drives]
	at UdmeyAutomation_Selenium.SeleniumE2Eproj.LandingTest.navigateToSSD(LandingTest.java:94)
... Removed 29 stack frames]]>
    </failure>
  </testcase> <!-- navigateToSSD -->
  <testcase name="selectSSD" time="2.583" classname="UdmeyAutomation_Selenium.SeleniumE2Eproj.LandingTest"/>
  <testcase name="ProductDetails" time="0.071" classname="UdmeyAutomation_Selenium.SeleniumE2Eproj.LandingTest"/>
</testsuite> <!-- Check Amazone Product Price -->
