<?xml version="1.0" encoding="UTF-8"?>
<!-- Generated by org.testng.reporters.JUnitXMLReporter -->
<testsuite hostname="LAPTOP-3UMBTNR8" name="Test" tests="9" failures="0" timestamp="5 Oct 2021 16:51:36 GMT" time="13.741" errors="0">
  <testcase name="navigateToAmazone" time="3.095" classname="UdmeyAutomation_Selenium.SeleniumE2Eproj.LandingTest"/>
  <testcase name="selectBestSeller" time="1.249" classname="UdmeyAutomation_Selenium.SeleniumE2Eproj.LandingTest"/>
  <testcase name="verifyTitle" time="0.094" classname="UdmeyAutomation_Selenium.SeleniumE2Eproj.LandingTest"/>
  <testcase name="NavigateToBestElectronics" time="1.657" classname="UdmeyAutomation_Selenium.SeleniumE2Eproj.LandingTest"/>
  <testcase name="navigateToCompNAcc" time="1.656" classname="UdmeyAutomation_Selenium.SeleniumE2Eproj.LandingTest"/>
  <testcase name="navigateToExternalHardDisc" time="1.616" classname="UdmeyAutomation_Selenium.SeleniumE2Eproj.LandingTest"/>
  <testcase name="navigateToSSD" time="1.555" classname="UdmeyAutomation_Selenium.SeleniumE2Eproj.LandingTest"/>
  <testcase name="selectSSD" time="2.76" classname="UdmeyAutomation_Selenium.SeleniumE2Eproj.LandingTest"/>
  <testcase name="ProductDetails" time="0.039" classname="UdmeyAutomation_Selenium.SeleniumE2Eproj.LandingTest"/>
</testsuite> <!-- Test -->
