<?xml version="1.0" encoding="UTF-8"?>
<testng-results skipped="0" failed="1" total="9" passed="8">
  <reporter-output>
  </reporter-output>
  <suite name="Suite" duration-ms="25970" started-at="2021-10-08T09:07:05Z" finished-at="2021-10-08T09:07:31Z">
    <groups>
    </groups>
    <test name="Test" duration-ms="25970" started-at="2021-10-08T09:07:05Z" finished-at="2021-10-08T09:07:31Z">
      <class name="UdmeyAutomation_Selenium.SeleniumE2Eproj.LandingTest">
        <test-method status="PASS" signature="navigateToAmazone()[pri:0, instance:UdmeyAutomation_Selenium.SeleniumE2Eproj.LandingTest@72cc7e6f]" name="navigateToAmazone" duration-ms="3920" started-at="2021-10-08T14:37:05Z" finished-at="2021-10-08T14:37:09Z">
          <reporter-output>
          </reporter-output>
        </test-method> <!-- navigateToAmazone -->
        <test-method status="PASS" signature="selectBestSeller()[pri:0, instance:UdmeyAutomation_Selenium.SeleniumE2Eproj.LandingTest@72cc7e6f]" name="selectBestSeller" duration-ms="1448" started-at="2021-10-08T14:37:09Z" finished-at="2021-10-08T14:37:10Z">
          <reporter-output>
          </reporter-output>
        </test-method> <!-- selectBestSeller -->
        <test-method status="PASS" signature="verifyTitle()[pri:0, instance:UdmeyAutomation_Selenium.SeleniumE2Eproj.LandingTest@72cc7e6f]" name="verifyTitle" duration-ms="118" started-at="2021-10-08T14:37:10Z" finished-at="2021-10-08T14:37:10Z">
          <reporter-output>
          </reporter-output>
        </test-method> <!-- verifyTitle -->
        <test-method status="PASS" signature="NavigateToBestElectronics()[pri:0, instance:UdmeyAutomation_Selenium.SeleniumE2Eproj.LandingTest@72cc7e6f]" name="NavigateToBestElectronics" duration-ms="1571" started-at="2021-10-08T14:37:10Z" finished-at="2021-10-08T14:37:12Z">
          <reporter-output>
          </reporter-output>
        </test-method> <!-- NavigateToBestElectronics -->
        <test-method status="PASS" signature="navigateToCompNAcc()[pri:0, instance:UdmeyAutomation_Selenium.SeleniumE2Eproj.LandingTest@72cc7e6f]" name="navigateToCompNAcc" duration-ms="1971" started-at="2021-10-08T14:37:12Z" finished-at="2021-10-08T14:37:14Z">
          <reporter-output>
          </reporter-output>
        </test-method> <!-- navigateToCompNAcc -->
        <test-method status="PASS" signature="navigateToExternalHardDisc()[pri:0, instance:UdmeyAutomation_Selenium.SeleniumE2Eproj.LandingTest@72cc7e6f]" name="navigateToExternalHardDisc" duration-ms="1896" started-at="2021-10-08T14:37:14Z" finished-at="2021-10-08T14:37:16Z">
          <reporter-output>
          </reporter-output>
        </test-method> <!-- navigateToExternalHardDisc -->
        <test-method status="PASS" signature="navigateToSSD()[pri:0, instance:UdmeyAutomation_Selenium.SeleniumE2Eproj.LandingTest@72cc7e6f]" name="navigateToSSD" duration-ms="1850" started-at="2021-10-08T14:37:16Z" finished-at="2021-10-08T14:37:17Z">
          <reporter-output>
          </reporter-output>
        </test-method> <!-- navigateToSSD -->
        <test-method status="PASS" signature="selectSSD()[pri:0, instance:UdmeyAutomation_Selenium.SeleniumE2Eproj.LandingTest@72cc7e6f]" name="selectSSD" duration-ms="3054" started-at="2021-10-08T14:37:17Z" finished-at="2021-10-08T14:37:21Z">
          <reporter-output>
          </reporter-output>
        </test-method> <!-- selectSSD -->
        <test-method status="FAIL" signature="ProductDetails()[pri:0, instance:UdmeyAutomation_Selenium.SeleniumE2Eproj.LandingTest@72cc7e6f]" name="ProductDetails" duration-ms="10121" started-at="2021-10-08T14:37:21Z" finished-at="2021-10-08T14:37:31Z">
          <exception class="org.openqa.selenium.NoSuchElementException">
            <message>
              <![CDATA[no such element: Unable to locate element: {"method":"css selector","selector":"#priceblock_dealprice"}
  (Session info: chrome=93.0.4577.82)
For documentation on this error, please visit: https://www.seleniumhq.org/exceptions/no_such_element.html
Build info: version: '3.141.59', revision: 'e82be7d358', time: '2018-11-14T08:17:03'
System info: host: 'LAPTOP-3UMBTNR8', ip: '192.168.1.5', os.name: 'Windows 10', os.arch: 'amd64', os.version: '10.0', java.version: '1.8.0_301'
Driver info: org.openqa.selenium.chrome.ChromeDriver
Capabilities {acceptInsecureCerts: false, browserName: chrome, browserVersion: 93.0.4577.82, chrome: {chromedriverVersion: 93.0.4577.63 (ff5c0da2ec0ad..., userDataDir: C:\Users\Akanksha\AppData\L...}, goog:chromeOptions: {debuggerAddress: localhost:64163}, javascriptEnabled: true, networkConnectionEnabled: false, pageLoadStrategy: normal, platform: WINDOWS, platformName: WINDOWS, proxy: Proxy(), setWindowRect: true, strictFileInteractability: false, timeouts: {implicit: 0, pageLoad: 300000, script: 30000}, unhandledPromptBehavior: dismiss and notify, webauthn:extension:credBlob: true, webauthn:extension:largeBlob: true, webauthn:virtualAuthenticators: true}
Session ID: 678869ff4f830a4dfa528aca0888fa61
*** Element info: {Using=id, value=priceblock_dealprice}]]>
            </message>
            <full-stacktrace>
              <![CDATA[org.openqa.selenium.NoSuchElementException: no such element: Unable to locate element: {"method":"css selector","selector":"#priceblock_dealprice"}
  (Session info: chrome=93.0.4577.82)
For documentation on this error, please visit: https://www.seleniumhq.org/exceptions/no_such_element.html
Build info: version: '3.141.59', revision: 'e82be7d358', time: '2018-11-14T08:17:03'
System info: host: 'LAPTOP-3UMBTNR8', ip: '192.168.1.5', os.name: 'Windows 10', os.arch: 'amd64', os.version: '10.0', java.version: '1.8.0_301'
Driver info: org.openqa.selenium.chrome.ChromeDriver
Capabilities {acceptInsecureCerts: false, browserName: chrome, browserVersion: 93.0.4577.82, chrome: {chromedriverVersion: 93.0.4577.63 (ff5c0da2ec0ad..., userDataDir: C:\Users\Akanksha\AppData\L...}, goog:chromeOptions: {debuggerAddress: localhost:64163}, javascriptEnabled: true, networkConnectionEnabled: false, pageLoadStrategy: normal, platform: WINDOWS, platformName: WINDOWS, proxy: Proxy(), setWindowRect: true, strictFileInteractability: false, timeouts: {implicit: 0, pageLoad: 300000, script: 30000}, unhandledPromptBehavior: dismiss and notify, webauthn:extension:credBlob: true, webauthn:extension:largeBlob: true, webauthn:virtualAuthenticators: true}
Session ID: 678869ff4f830a4dfa528aca0888fa61
*** Element info: {Using=id, value=priceblock_dealprice}
	at sun.reflect.NativeConstructorAccessorImpl.newInstance0(Native Method)
	at sun.reflect.NativeConstructorAccessorImpl.newInstance(NativeConstructorAccessorImpl.java:62)
	at sun.reflect.DelegatingConstructorAccessorImpl.newInstance(DelegatingConstructorAccessorImpl.java:45)
	at java.lang.reflect.Constructor.newInstance(Constructor.java:423)
	at org.openqa.selenium.remote.http.W3CHttpResponseCodec.createException(W3CHttpResponseCodec.java:187)
	at org.openqa.selenium.remote.http.W3CHttpResponseCodec.decode(W3CHttpResponseCodec.java:122)
	at org.openqa.selenium.remote.http.W3CHttpResponseCodec.decode(W3CHttpResponseCodec.java:49)
	at org.openqa.selenium.remote.HttpCommandExecutor.execute(HttpCommandExecutor.java:158)
	at org.openqa.selenium.remote.service.DriverCommandExecutor.execute(DriverCommandExecutor.java:83)
	at org.openqa.selenium.remote.RemoteWebDriver.execute(RemoteWebDriver.java:552)
	at org.openqa.selenium.remote.RemoteWebDriver.findElement(RemoteWebDriver.java:323)
	at org.openqa.selenium.remote.RemoteWebDriver.findElementById(RemoteWebDriver.java:372)
	at org.openqa.selenium.By$ById.findElement(By.java:188)
	at org.openqa.selenium.remote.RemoteWebDriver.findElement(RemoteWebDriver.java:315)
	at pageObject.AmazonProductPage.getProdPrice(AmazonProductPage.java:28)
	at UdmeyAutomation_Selenium.SeleniumE2Eproj.LandingTest.ProductDetails(LandingTest.java:110)
	at sun.reflect.NativeMethodAccessorImpl.invoke0(Native Method)
	at sun.reflect.NativeMethodAccessorImpl.invoke(NativeMethodAccessorImpl.java:62)
	at sun.reflect.DelegatingMethodAccessorImpl.invoke(DelegatingMethodAccessorImpl.java:43)
	at java.lang.reflect.Method.invoke(Method.java:498)
	at org.testng.internal.MethodInvocationHelper.invokeMethod(MethodInvocationHelper.java:80)
	at org.testng.internal.Invoker.invokeMethod(Invoker.java:714)
	at org.testng.internal.Invoker.invokeTestMethod(Invoker.java:901)
	at org.testng.internal.Invoker.invokeTestMethods(Invoker.java:1231)
	at org.testng.internal.TestMethodWorker.invokeTestMethods(TestMethodWorker.java:127)
	at org.testng.internal.TestMethodWorker.run(TestMethodWorker.java:111)
	at org.testng.TestRunner.privateRun(TestRunner.java:767)
	at org.testng.TestRunner.run(TestRunner.java:617)
	at org.testng.SuiteRunner.runTest(SuiteRunner.java:334)
	at org.testng.SuiteRunner.runSequentially(SuiteRunner.java:329)
	at org.testng.SuiteRunner.privateRun(SuiteRunner.java:291)
	at org.testng.SuiteRunner.run(SuiteRunner.java:240)
	at org.testng.SuiteRunnerWorker.runSuite(SuiteRunnerWorker.java:52)
	at org.testng.SuiteRunnerWorker.run(SuiteRunnerWorker.java:86)
	at org.testng.TestNG.runSuitesSequentially(TestNG.java:1198)
	at org.testng.TestNG.runSuitesLocally(TestNG.java:1123)
	at org.testng.TestNG.run(TestNG.java:1031)
	at org.apache.maven.surefire.testng.TestNGExecutor.run(TestNGExecutor.java:284)
	at org.apache.maven.surefire.testng.TestNGXmlTestSuite.execute(TestNGXmlTestSuite.java:75)
	at org.apache.maven.surefire.testng.TestNGProvider.invoke(TestNGProvider.java:119)
	at org.apache.maven.surefire.booter.ForkedBooter.runSuitesInProcess(ForkedBooter.java:428)
	at org.apache.maven.surefire.booter.ForkedBooter.execute(ForkedBooter.java:162)
	at org.apache.maven.surefire.booter.ForkedBooter.run(ForkedBooter.java:562)
	at org.apache.maven.surefire.booter.ForkedBooter.main(ForkedBooter.java:548)
]]>
            </full-stacktrace>
          </exception> <!-- org.openqa.selenium.NoSuchElementException -->
          <reporter-output>
          </reporter-output>
        </test-method> <!-- ProductDetails -->
      </class> <!-- UdmeyAutomation_Selenium.SeleniumE2Eproj.LandingTest -->
    </test> <!-- Test -->
  </suite> <!-- Suite -->
</testng-results>
