<?xml version="1.0" encoding="UTF-8"?>
<testng-results skipped="0" failed="0" total="2" passed="2">
  <reporter-output>
  </reporter-output>
  <suite name="Default suite" duration-ms="16588" started-at="2021-09-23T18:48:05Z" finished-at="2021-09-23T18:48:22Z">
    <groups>
    </groups>
    <test name="Default test" duration-ms="16588" started-at="2021-09-23T18:48:05Z" finished-at="2021-09-23T18:48:22Z">
      <class name="UdmeyAutomation_Selenium.SeleniumE2Eproj.LandingPage">
        <test-method status="PASS" signature="navigateToLandingPage()[pri:0, instance:UdmeyAutomation_Selenium.SeleniumE2Eproj.LandingPage@2805c96b]" name="navigateToLandingPage" duration-ms="16431" started-at="2021-09-24T00:18:05Z" finished-at="2021-09-24T00:18:22Z">
          <reporter-output>
          </reporter-output>
        </test-method> <!-- navigateToLandingPage -->
        <test-method status="PASS" signature="varifyBestSellerTab()[pri:0, instance:UdmeyAutomation_Selenium.SeleniumE2Eproj.LandingPage@2805c96b]" name="varifyBestSellerTab" duration-ms="143" started-at="2021-09-24T00:18:22Z" finished-at="2021-09-24T00:18:22Z">
          <reporter-output>
          </reporter-output>
        </test-method> <!-- varifyBestSellerTab -->
      </class> <!-- UdmeyAutomation_Selenium.SeleniumE2Eproj.LandingPage -->
    </test> <!-- Default test -->
  </suite> <!-- Default suite -->
</testng-results>
